{"/media/arthur/AcerSSD/Projects/Driven/drivent1-ref-initial/src/config/database.ts": {"path":"/media/arthur/AcerSSD/Projects/Driven/drivent1-ref-initial/src/config/database.ts","statementMap":{"0":{"start":{"line":1,"column":0},"end":{"line":1,"column":46}},"1":{"start":{"line":5,"column":2},"end":{"line":5,"column":30}},"2":{"start":{"line":4,"column":0},"end":{"line":4,"column":16}},"3":{"start":{"line":9,"column":2},"end":{"line":9,"column":30}},"4":{"start":{"line":8,"column":0},"end":{"line":8,"column":7}}},"fnMap":{"0":{"name":"connectDb","decl":{"start":{"line":4,"column":16},"end":{"line":4,"column":25}},"loc":{"start":{"line":4,"column":25},"end":{"line":6,"column":1}}},"1":{"name":"disconnectDB","decl":{"start":{"line":8,"column":22},"end":{"line":8,"column":34}},"loc":{"start":{"line":8,"column":34},"end":{"line":10,"column":1}}}},"branchMap":{},"s":{"0":1,"1":0,"2":1,"3":0,"4":1},"f":{"0":0,"1":0},"b":{}}
,"/media/arthur/AcerSSD/Projects/Driven/drivent1-ref-initial/src/config/envs.ts": {"path":"/media/arthur/AcerSSD/Projects/Driven/drivent1-ref-initial/src/config/envs.ts","statementMap":{"0":{"start":{"line":1,"column":0},"end":{"line":1,"column":28}},"1":{"start":{"line":2,"column":0},"end":{"line":2,"column":41}},"2":{"start":{"line":6,"column":4},"end":{"line":10,"column":14}},"3":{"start":{"line":12,"column":22},"end":{"line":12,"column":45}},"4":{"start":{"line":13,"column":2},"end":{"line":13,"column":35}},"5":{"start":{"line":4,"column":0},"end":{"line":4,"column":16}}},"fnMap":{"0":{"name":"loadEnv","decl":{"start":{"line":4,"column":16},"end":{"line":4,"column":23}},"loc":{"start":{"line":4,"column":23},"end":{"line":14,"column":1}}}},"branchMap":{"0":{"loc":{"start":{"line":6,"column":4},"end":{"line":10,"column":14}},"type":"cond-expr","locations":[{"start":{"line":7,"column":8},"end":{"line":7,"column":19}},{"start":{"line":8,"column":8},"end":{"line":10,"column":14}}]},"1":{"loc":{"start":{"line":8,"column":8},"end":{"line":10,"column":14}},"type":"cond-expr","locations":[{"start":{"line":9,"column":8},"end":{"line":9,"column":26}},{"start":{"line":10,"column":8},"end":{"line":10,"column":14}}]}},"s":{"0":1,"1":1,"2":1,"3":1,"4":1,"5":1},"f":{"0":1},"b":{"0":[1,0],"1":[0,0]}}
,"/media/arthur/AcerSSD/Projects/Driven/drivent1-ref-initial/src/config/index.ts": {"path":"/media/arthur/AcerSSD/Projects/Driven/drivent1-ref-initial/src/config/index.ts","statementMap":{"0":{"start":{"line":1,"column":0},"end":{"line":1,"column":23}},"1":{"start":{"line":2,"column":0},"end":{"line":2,"column":27}}},"fnMap":{},"branchMap":{},"s":{"0":1,"1":1},"f":{},"b":{}}
,"/media/arthur/AcerSSD/Projects/Driven/drivent1-ref-initial/src/errors/cannot-enroll-before-start-date-error.ts": {"path":"/media/arthur/AcerSSD/Projects/Driven/drivent1-ref-initial/src/errors/cannot-enroll-before-start-date-error.ts","statementMap":{"0":{"start":{"line":4,"column":2},"end":{"line":7,"column":4}},"1":{"start":{"line":3,"column":0},"end":{"line":3,"column":16}}},"fnMap":{"0":{"name":"cannotEnrollBeforeStartDateError","decl":{"start":{"line":3,"column":16},"end":{"line":3,"column":48}},"loc":{"start":{"line":3,"column":48},"end":{"line":8,"column":1}}}},"branchMap":{},"s":{"0":0,"1":1},"f":{"0":0},"b":{}}
,"/media/arthur/AcerSSD/Projects/Driven/drivent1-ref-initial/src/errors/conflict-error.ts": {"path":"/media/arthur/AcerSSD/Projects/Driven/drivent1-ref-initial/src/errors/conflict-error.ts","statementMap":{"0":{"start":{"line":4,"column":2},"end":{"line":7,"column":4}},"1":{"start":{"line":3,"column":0},"end":{"line":3,"column":16}}},"fnMap":{"0":{"name":"conflictError","decl":{"start":{"line":3,"column":16},"end":{"line":3,"column":29}},"loc":{"start":{"line":3,"column":45},"end":{"line":8,"column":1}}}},"branchMap":{},"s":{"0":0,"1":1},"f":{"0":0},"b":{}}
,"/media/arthur/AcerSSD/Projects/Driven/drivent1-ref-initial/src/errors/forbidden-error.ts": {"path":"/media/arthur/AcerSSD/Projects/Driven/drivent1-ref-initial/src/errors/forbidden-error.ts","statementMap":{"0":{"start":{"line":4,"column":2},"end":{"line":7,"column":4}},"1":{"start":{"line":3,"column":0},"end":{"line":3,"column":16}}},"fnMap":{"0":{"name":"forbiddenError","decl":{"start":{"line":3,"column":16},"end":{"line":3,"column":30}},"loc":{"start":{"line":3,"column":30},"end":{"line":8,"column":1}}}},"branchMap":{},"s":{"0":0,"1":1},"f":{"0":0},"b":{}}
,"/media/arthur/AcerSSD/Projects/Driven/drivent1-ref-initial/src/errors/index.ts": {"path":"/media/arthur/AcerSSD/Projects/Driven/drivent1-ref-initial/src/errors/index.ts","statementMap":{"0":{"start":{"line":1,"column":0},"end":{"line":1,"column":56}},"1":{"start":{"line":2,"column":0},"end":{"line":2,"column":33}},"2":{"start":{"line":3,"column":0},"end":{"line":3,"column":37}},"3":{"start":{"line":4,"column":0},"end":{"line":4,"column":38}},"4":{"start":{"line":5,"column":0},"end":{"line":5,"column":34}},"5":{"start":{"line":6,"column":0},"end":{"line":6,"column":37}},"6":{"start":{"line":7,"column":0},"end":{"line":7,"column":32}}},"fnMap":{},"branchMap":{},"s":{"0":1,"1":1,"2":1,"3":1,"4":1,"5":1,"6":1},"f":{},"b":{}}
,"/media/arthur/AcerSSD/Projects/Driven/drivent1-ref-initial/src/errors/invalid-data-error.ts": {"path":"/media/arthur/AcerSSD/Projects/Driven/drivent1-ref-initial/src/errors/invalid-data-error.ts","statementMap":{"0":{"start":{"line":4,"column":2},"end":{"line":8,"column":4}},"1":{"start":{"line":3,"column":0},"end":{"line":3,"column":16}}},"fnMap":{"0":{"name":"invalidDataError","decl":{"start":{"line":3,"column":16},"end":{"line":3,"column":32}},"loc":{"start":{"line":3,"column":50},"end":{"line":9,"column":1}}}},"branchMap":{},"s":{"0":0,"1":1},"f":{"0":0},"b":{}}
,"/media/arthur/AcerSSD/Projects/Driven/drivent1-ref-initial/src/errors/invalid-email-error.ts": {"path":"/media/arthur/AcerSSD/Projects/Driven/drivent1-ref-initial/src/errors/invalid-email-error.ts","statementMap":{"0":{"start":{"line":4,"column":2},"end":{"line":8,"column":4}},"1":{"start":{"line":3,"column":0},"end":{"line":3,"column":16}}},"fnMap":{"0":{"name":"invalidEmailError","decl":{"start":{"line":3,"column":16},"end":{"line":3,"column":33}},"loc":{"start":{"line":3,"column":47},"end":{"line":9,"column":1}}}},"branchMap":{},"s":{"0":0,"1":1},"f":{"0":0},"b":{}}
,"/media/arthur/AcerSSD/Projects/Driven/drivent1-ref-initial/src/errors/not-found-error.ts": {"path":"/media/arthur/AcerSSD/Projects/Driven/drivent1-ref-initial/src/errors/not-found-error.ts","statementMap":{"0":{"start":{"line":4,"column":2},"end":{"line":7,"column":4}},"1":{"start":{"line":3,"column":0},"end":{"line":3,"column":16}}},"fnMap":{"0":{"name":"notFoundError","decl":{"start":{"line":3,"column":16},"end":{"line":3,"column":29}},"loc":{"start":{"line":3,"column":29},"end":{"line":8,"column":1}}}},"branchMap":{},"s":{"0":0,"1":1},"f":{"0":0},"b":{}}
,"/media/arthur/AcerSSD/Projects/Driven/drivent1-ref-initial/src/errors/request-error.ts": {"path":"/media/arthur/AcerSSD/Projects/Driven/drivent1-ref-initial/src/errors/request-error.ts","statementMap":{"0":{"start":{"line":4,"column":2},"end":{"line":10,"column":4}},"1":{"start":{"line":3,"column":0},"end":{"line":3,"column":16}}},"fnMap":{"0":{"name":"requestError","decl":{"start":{"line":3,"column":16},"end":{"line":3,"column":28}},"loc":{"start":{"line":3,"column":63},"end":{"line":11,"column":1}}}},"branchMap":{},"s":{"0":0,"1":1},"f":{"0":0},"b":{}}
,"/media/arthur/AcerSSD/Projects/Driven/drivent1-ref-initial/src/errors/unauthorized-error.ts": {"path":"/media/arthur/AcerSSD/Projects/Driven/drivent1-ref-initial/src/errors/unauthorized-error.ts","statementMap":{"0":{"start":{"line":4,"column":2},"end":{"line":7,"column":4}},"1":{"start":{"line":3,"column":0},"end":{"line":3,"column":16}}},"fnMap":{"0":{"name":"unauthorizedError","decl":{"start":{"line":3,"column":16},"end":{"line":3,"column":33}},"loc":{"start":{"line":3,"column":33},"end":{"line":8,"column":1}}}},"branchMap":{},"s":{"0":0,"1":1},"f":{"0":0},"b":{}}
,"/media/arthur/AcerSSD/Projects/Driven/drivent1-ref-initial/src/repositories/bookings-repository/index.ts": {"path":"/media/arthur/AcerSSD/Projects/Driven/drivent1-ref-initial/src/repositories/bookings-repository/index.ts","statementMap":{"0":{"start":{"line":2,"column":0},"end":{"line":2,"column":34}},"1":{"start":{"line":5,"column":2},"end":{"line":8,"column":5}},"2":{"start":{"line":12,"column":2},"end":{"line":14,"column":5}},"3":{"start":{"line":18,"column":2},"end":{"line":18,"column":67}},"4":{"start":{"line":22,"column":2},"end":{"line":25,"column":5}},"5":{"start":{"line":29,"column":2},"end":{"line":33,"column":5}},"6":{"start":{"line":37,"column":2},"end":{"line":40,"column":5}},"7":{"start":{"line":43,"column":27},"end":{"line":50,"column":2}},"8":{"start":{"line":52,"column":0},"end":{"line":52,"column":34}}},"fnMap":{"0":{"name":"getUserBookings","decl":{"start":{"line":4,"column":15},"end":{"line":4,"column":30}},"loc":{"start":{"line":4,"column":45},"end":{"line":9,"column":1}}},"1":{"name":"getUserBookingsByUserId","decl":{"start":{"line":11,"column":15},"end":{"line":11,"column":38}},"loc":{"start":{"line":11,"column":53},"end":{"line":15,"column":1}}},"2":{"name":"createUserBooking","decl":{"start":{"line":17,"column":15},"end":{"line":17,"column":32}},"loc":{"start":{"line":17,"column":63},"end":{"line":19,"column":1}}},"3":{"name":"getBookingRoom","decl":{"start":{"line":21,"column":15},"end":{"line":21,"column":29}},"loc":{"start":{"line":21,"column":44},"end":{"line":26,"column":1}}},"4":{"name":"findBookingByRoomId","decl":{"start":{"line":28,"column":15},"end":{"line":28,"column":34}},"loc":{"start":{"line":28,"column":49},"end":{"line":34,"column":1}}},"5":{"name":"updateUserBooking","decl":{"start":{"line":36,"column":15},"end":{"line":36,"column":32}},"loc":{"start":{"line":36,"column":82},"end":{"line":41,"column":1}}}},"branchMap":{},"s":{"0":1,"1":0,"2":0,"3":0,"4":0,"5":0,"6":0,"7":1,"8":1},"f":{"0":0,"1":0,"2":0,"3":0,"4":0,"5":0},"b":{}}
,"/media/arthur/AcerSSD/Projects/Driven/drivent1-ref-initial/src/repositories/enrollment-repository/index.ts": {"path":"/media/arthur/AcerSSD/Projects/Driven/drivent1-ref-initial/src/repositories/enrollment-repository/index.ts","statementMap":{"0":{"start":{"line":2,"column":0},"end":{"line":2,"column":34}},"1":{"start":{"line":5,"column":2},"end":{"line":10,"column":5}},"2":{"start":{"line":14,"column":2},"end":{"line":16,"column":5}},"3":{"start":{"line":24,"column":2},"end":{"line":30,"column":5}},"4":{"start":{"line":34,"column":2},"end":{"line":36,"column":5}},"5":{"start":{"line":42,"column":29},"end":{"line":47,"column":2}},"6":{"start":{"line":49,"column":0},"end":{"line":49,"column":36}}},"fnMap":{"0":{"name":"findWithAddressByUserId","decl":{"start":{"line":4,"column":15},"end":{"line":4,"column":38}},"loc":{"start":{"line":4,"column":53},"end":{"line":11,"column":1}}},"1":{"name":"findEnrollmentById","decl":{"start":{"line":13,"column":15},"end":{"line":13,"column":33}},"loc":{"start":{"line":13,"column":44},"end":{"line":17,"column":1}}},"2":{"name":"upsert","decl":{"start":{"line":19,"column":15},"end":{"line":19,"column":21}},"loc":{"start":{"line":22,"column":43},"end":{"line":31,"column":1}}},"3":{"name":"findById","decl":{"start":{"line":33,"column":15},"end":{"line":33,"column":23}},"loc":{"start":{"line":33,"column":44},"end":{"line":37,"column":1}}}},"branchMap":{},"s":{"0":1,"1":0,"2":0,"3":0,"4":0,"5":1,"6":1},"f":{"0":0,"1":0,"2":0,"3":0},"b":{}}
,"/media/arthur/AcerSSD/Projects/Driven/drivent1-ref-initial/src/repositories/tickets-repository/index.ts": {"path":"/media/arthur/AcerSSD/Projects/Driven/drivent1-ref-initial/src/repositories/tickets-repository/index.ts","statementMap":{"0":{"start":{"line":1,"column":0},"end":{"line":1,"column":66}},"1":{"start":{"line":2,"column":0},"end":{"line":2,"column":34}},"2":{"start":{"line":6,"column":2},"end":{"line":6,"column":38}},"3":{"start":{"line":14,"column":2},"end":{"line":19,"column":5}},"4":{"start":{"line":23,"column":2},"end":{"line":25,"column":5}},"5":{"start":{"line":29,"column":2},"end":{"line":36,"column":5}},"6":{"start":{"line":40,"column":2},"end":{"line":47,"column":5}},"7":{"start":{"line":51,"column":2},"end":{"line":58,"column":5}},"8":{"start":{"line":61,"column":0},"end":{"line":68,"column":2}}},"fnMap":{"0":{"name":"findTicketTypes","decl":{"start":{"line":5,"column":15},"end":{"line":5,"column":30}},"loc":{"start":{"line":5,"column":30},"end":{"line":7,"column":1}}},"1":{"name":"findTicketByEnrollmentId","decl":{"start":{"line":9,"column":15},"end":{"line":9,"column":39}},"loc":{"start":{"line":9,"column":60},"end":{"line":20,"column":1}}},"2":{"name":"createTicket","decl":{"start":{"line":22,"column":15},"end":{"line":22,"column":27}},"loc":{"start":{"line":22,"column":54},"end":{"line":26,"column":1}}},"3":{"name":"findTickeyById","decl":{"start":{"line":28,"column":15},"end":{"line":28,"column":29}},"loc":{"start":{"line":28,"column":46},"end":{"line":37,"column":1}}},"4":{"name":"findTickeWithTypeById","decl":{"start":{"line":39,"column":15},"end":{"line":39,"column":36}},"loc":{"start":{"line":39,"column":53},"end":{"line":48,"column":1}}},"5":{"name":"ticketProcessPayment","decl":{"start":{"line":50,"column":15},"end":{"line":50,"column":35}},"loc":{"start":{"line":50,"column":52},"end":{"line":59,"column":1}}}},"branchMap":{},"s":{"0":1,"1":1,"2":0,"3":0,"4":0,"5":0,"6":0,"7":0,"8":1},"f":{"0":0,"1":0,"2":0,"3":0,"4":0,"5":0},"b":{}}
,"/media/arthur/AcerSSD/Projects/Driven/drivent1-ref-initial/src/services/bookings-service/index.ts": {"path":"/media/arthur/AcerSSD/Projects/Driven/drivent1-ref-initial/src/services/bookings-service/index.ts","statementMap":{"0":{"start":{"line":1,"column":0},"end":{"line":1,"column":41}},"1":{"start":{"line":2,"column":0},"end":{"line":2,"column":58}},"2":{"start":{"line":3,"column":0},"end":{"line":3,"column":68}},"3":{"start":{"line":4,"column":0},"end":{"line":4,"column":72}},"4":{"start":{"line":5,"column":0},"end":{"line":5,"column":66}},"5":{"start":{"line":8,"column":21},"end":{"line":8,"column":79}},"6":{"start":{"line":9,"column":2},"end":{"line":9,"column":41}},"7":{"start":{"line":9,"column":19},"end":{"line":9,"column":41}},"8":{"start":{"line":11,"column":17},"end":{"line":11,"column":80}},"9":{"start":{"line":12,"column":2},"end":{"line":12,"column":37}},"10":{"start":{"line":12,"column":15},"end":{"line":12,"column":37}},"11":{"start":{"line":14,"column":2},"end":{"line":16,"column":null}},"12":{"start":{"line":15,"column":4},"end":{"line":15,"column":27}},"13":{"start":{"line":18,"column":2},"end":{"line":18,"column":9}},"14":{"start":{"line":22,"column":15},"end":{"line":22,"column":62}},"15":{"start":{"line":23,"column":2},"end":{"line":23,"column":35}},"16":{"start":{"line":23,"column":13},"end":{"line":23,"column":35}},"17":{"start":{"line":24,"column":2},"end":{"line":24,"column":67}},"18":{"start":{"line":24,"column":44},"end":{"line":24,"column":67}},"19":{"start":{"line":28,"column":18},"end":{"line":28,"column":66}},"20":{"start":{"line":29,"column":2},"end":{"line":29,"column":38}},"21":{"start":{"line":29,"column":16},"end":{"line":29,"column":38}},"22":{"start":{"line":30,"column":2},"end":{"line":30,"column":17}},"23":{"start":{"line":34,"column":2},"end":{"line":34,"column":41}},"24":{"start":{"line":35,"column":2},"end":{"line":35,"column":37}},"25":{"start":{"line":37,"column":18},"end":{"line":37,"column":76}},"26":{"start":{"line":38,"column":2},"end":{"line":38,"column":17}},"27":{"start":{"line":42,"column":2},"end":{"line":42,"column":41}},"28":{"start":{"line":43,"column":2},"end":{"line":43,"column":37}},"29":{"start":{"line":45,"column":37},"end":{"line":45,"column":89}},"30":{"start":{"line":46,"column":2},"end":{"line":46,"column":57}},"31":{"start":{"line":46,"column":34},"end":{"line":46,"column":57}},"32":{"start":{"line":48,"column":18},"end":{"line":48,"column":74}},"33":{"start":{"line":49,"column":2},"end":{"line":49,"column":67}},"34":{"start":{"line":49,"column":44},"end":{"line":49,"column":67}},"35":{"start":{"line":51,"column":2},"end":{"line":51,"column":79}},"36":{"start":{"line":54,"column":24},"end":{"line":58,"column":2}},"37":{"start":{"line":60,"column":0},"end":{"line":60,"column":31}}},"fnMap":{"0":{"name":"checkEnrollmentAndTicket","decl":{"start":{"line":7,"column":15},"end":{"line":7,"column":39}},"loc":{"start":{"line":7,"column":54},"end":{"line":19,"column":1}}},"1":{"name":"checkRoomAndCapacity","decl":{"start":{"line":21,"column":15},"end":{"line":21,"column":35}},"loc":{"start":{"line":21,"column":50},"end":{"line":25,"column":1}}},"2":{"name":"getUserBookings","decl":{"start":{"line":27,"column":15},"end":{"line":27,"column":30}},"loc":{"start":{"line":27,"column":45},"end":{"line":31,"column":1}}},"3":{"name":"createUserBooking","decl":{"start":{"line":33,"column":15},"end":{"line":33,"column":32}},"loc":{"start":{"line":33,"column":63},"end":{"line":39,"column":1}}},"4":{"name":"updateUserBooking","decl":{"start":{"line":41,"column":15},"end":{"line":41,"column":32}},"loc":{"start":{"line":41,"column":82},"end":{"line":52,"column":1}}}},"branchMap":{"0":{"loc":{"start":{"line":9,"column":2},"end":{"line":9,"column":41}},"type":"if","locations":[{"start":{"line":9,"column":2},"end":{"line":9,"column":41}}]},"1":{"loc":{"start":{"line":12,"column":2},"end":{"line":12,"column":37}},"type":"if","locations":[{"start":{"line":12,"column":2},"end":{"line":12,"column":37}}]},"2":{"loc":{"start":{"line":14,"column":2},"end":{"line":16,"column":null}},"type":"if","locations":[{"start":{"line":14,"column":2},"end":{"line":16,"column":null}}]},"3":{"loc":{"start":{"line":14,"column":6},"end":{"line":14,"column":111}},"type":"binary-expr","locations":[{"start":{"line":14,"column":6},"end":{"line":14,"column":13}},{"start":{"line":14,"column":17},"end":{"line":14,"column":45}},{"start":{"line":14,"column":49},"end":{"line":14,"column":75}},{"start":{"line":14,"column":79},"end":{"line":14,"column":111}}]},"4":{"loc":{"start":{"line":23,"column":2},"end":{"line":23,"column":35}},"type":"if","locations":[{"start":{"line":23,"column":2},"end":{"line":23,"column":35}}]},"5":{"loc":{"start":{"line":24,"column":2},"end":{"line":24,"column":67}},"type":"if","locations":[{"start":{"line":24,"column":2},"end":{"line":24,"column":67}}]},"6":{"loc":{"start":{"line":29,"column":2},"end":{"line":29,"column":38}},"type":"if","locations":[{"start":{"line":29,"column":2},"end":{"line":29,"column":38}}]},"7":{"loc":{"start":{"line":46,"column":2},"end":{"line":46,"column":57}},"type":"if","locations":[{"start":{"line":46,"column":2},"end":{"line":46,"column":57}}]},"8":{"loc":{"start":{"line":49,"column":2},"end":{"line":49,"column":67}},"type":"if","locations":[{"start":{"line":49,"column":2},"end":{"line":49,"column":67}}]},"9":{"loc":{"start":{"line":49,"column":6},"end":{"line":49,"column":42}},"type":"binary-expr","locations":[{"start":{"line":49,"column":6},"end":{"line":49,"column":14}},{"start":{"line":49,"column":18},"end":{"line":49,"column":42}}]}},"s":{"0":1,"1":1,"2":1,"3":1,"4":1,"5":0,"6":0,"7":0,"8":0,"9":0,"10":0,"11":0,"12":0,"13":0,"14":0,"15":0,"16":0,"17":0,"18":0,"19":1,"20":1,"21":0,"22":1,"23":0,"24":0,"25":0,"26":0,"27":0,"28":0,"29":0,"30":0,"31":0,"32":0,"33":0,"34":0,"35":0,"36":1,"37":1},"f":{"0":0,"1":0,"2":1,"3":0,"4":0},"b":{"0":[0],"1":[0],"2":[0],"3":[0,0,0,0],"4":[0],"5":[0],"6":[0],"7":[0],"8":[0],"9":[0,0]}}
,"/media/arthur/AcerSSD/Projects/Driven/drivent1-ref-initial/tests/factories/booking-factory.ts": {"path":"/media/arthur/AcerSSD/Projects/Driven/drivent1-ref-initial/tests/factories/booking-factory.ts","statementMap":{"0":{"start":{"line":2,"column":0},"end":{"line":2,"column":34}},"1":{"start":{"line":5,"column":2},"end":{"line":8,"column":5}},"2":{"start":{"line":4,"column":0},"end":{"line":4,"column":7}},"3":{"start":{"line":16,"column":2},"end":{"line":27,"column":4}},"4":{"start":{"line":11,"column":0},"end":{"line":11,"column":7}}},"fnMap":{"0":{"name":"createBooking","decl":{"start":{"line":4,"column":22},"end":{"line":4,"column":35}},"loc":{"start":{"line":4,"column":66},"end":{"line":9,"column":1}}},"1":{"name":"createMockBooking","decl":{"start":{"line":11,"column":22},"end":{"line":11,"column":39}},"loc":{"start":{"line":15,"column":6},"end":{"line":28,"column":1}}}},"branchMap":{"0":{"loc":{"start":{"line":11,"column":40},"end":{"line":15,"column":6}},"type":"default-arg","locations":[{"start":{"line":15,"column":4},"end":{"line":15,"column":6}}]},"1":{"loc":{"start":{"line":12,"column":2},"end":{"line":12,"column":12}},"type":"default-arg","locations":[{"start":{"line":12,"column":11},"end":{"line":12,"column":12}}]},"2":{"loc":{"start":{"line":13,"column":2},"end":{"line":13,"column":12}},"type":"default-arg","locations":[{"start":{"line":13,"column":11},"end":{"line":13,"column":12}}]},"3":{"loc":{"start":{"line":14,"column":2},"end":{"line":14,"column":64}},"type":"default-arg","locations":[{"start":{"line":14,"column":9},"end":{"line":14,"column":64}}]}},"s":{"0":1,"1":0,"2":1,"3":1,"4":1},"f":{"0":0,"1":1},"b":{"0":[1],"1":[1],"2":[1],"3":[1]}}
}
