TN:
SF:src/config/database.ts
FN:4,connectDb
FN:8,disconnectDB
FNF:2
FNH:0
FNDA:0,connectDb
FNDA:0,disconnectDB
DA:1,1
DA:4,1
DA:5,0
DA:8,1
DA:9,0
LF:5
LH:3
BRF:0
BRH:0
end_of_record
TN:
SF:src/config/envs.ts
FN:4,loadEnv
FNF:1
FNH:1
FNDA:1,loadEnv
DA:1,1
DA:2,1
DA:4,1
DA:6,1
DA:12,1
DA:13,1
LF:6
LH:6
BRDA:6,0,0,1
BRDA:6,0,1,0
BRDA:8,1,0,0
BRDA:8,1,1,0
BRF:4
BRH:1
end_of_record
TN:
SF:src/config/index.ts
FNF:0
FNH:0
DA:1,1
DA:2,1
LF:2
LH:2
BRF:0
BRH:0
end_of_record
TN:
SF:src/errors/cannot-enroll-before-start-date-error.ts
FN:3,cannotEnrollBeforeStartDateError
FNF:1
FNH:0
FNDA:0,cannotEnrollBeforeStartDateError
DA:3,1
DA:4,0
LF:2
LH:1
BRF:0
BRH:0
end_of_record
TN:
SF:src/errors/conflict-error.ts
FN:3,conflictError
FNF:1
FNH:0
FNDA:0,conflictError
DA:3,1
DA:4,0
LF:2
LH:1
BRF:0
BRH:0
end_of_record
TN:
SF:src/errors/forbidden-error.ts
FN:3,forbiddenError
FNF:1
FNH:0
FNDA:0,forbiddenError
DA:3,1
DA:4,0
LF:2
LH:1
BRF:0
BRH:0
end_of_record
TN:
SF:src/errors/index.ts
FNF:0
FNH:0
DA:1,1
DA:2,1
DA:3,1
DA:4,1
DA:5,1
DA:6,1
DA:7,1
LF:7
LH:7
BRF:0
BRH:0
end_of_record
TN:
SF:src/errors/invalid-data-error.ts
FN:3,invalidDataError
FNF:1
FNH:0
FNDA:0,invalidDataError
DA:3,1
DA:4,0
LF:2
LH:1
BRF:0
BRH:0
end_of_record
TN:
SF:src/errors/invalid-email-error.ts
FN:3,invalidEmailError
FNF:1
FNH:0
FNDA:0,invalidEmailError
DA:3,1
DA:4,0
LF:2
LH:1
BRF:0
BRH:0
end_of_record
TN:
SF:src/errors/not-found-error.ts
FN:3,notFoundError
FNF:1
FNH:0
FNDA:0,notFoundError
DA:3,1
DA:4,0
LF:2
LH:1
BRF:0
BRH:0
end_of_record
TN:
SF:src/errors/request-error.ts
FN:3,requestError
FNF:1
FNH:0
FNDA:0,requestError
DA:3,1
DA:4,0
LF:2
LH:1
BRF:0
BRH:0
end_of_record
TN:
SF:src/errors/unauthorized-error.ts
FN:3,unauthorizedError
FNF:1
FNH:0
FNDA:0,unauthorizedError
DA:3,1
DA:4,0
LF:2
LH:1
BRF:0
BRH:0
end_of_record
TN:
SF:src/repositories/bookings-repository/index.ts
FN:4,getUserBookings
FN:11,getUserBookingsByUserId
FN:17,createUserBooking
FN:21,getBookingRoom
FN:28,findBookingByRoomId
FN:36,updateUserBooking
FNF:6
FNH:0
FNDA:0,getUserBookings
FNDA:0,getUserBookingsByUserId
FNDA:0,createUserBooking
FNDA:0,getBookingRoom
FNDA:0,findBookingByRoomId
FNDA:0,updateUserBooking
DA:2,1
DA:5,0
DA:12,0
DA:18,0
DA:22,0
DA:29,0
DA:37,0
DA:43,1
DA:52,1
LF:9
LH:3
BRF:0
BRH:0
end_of_record
TN:
SF:src/repositories/enrollment-repository/index.ts
FN:4,findWithAddressByUserId
FN:13,findEnrollmentById
FN:19,upsert
FN:33,findById
FNF:4
FNH:0
FNDA:0,findWithAddressByUserId
FNDA:0,findEnrollmentById
FNDA:0,upsert
FNDA:0,findById
DA:2,1
DA:5,0
DA:14,0
DA:24,0
DA:34,0
DA:42,1
DA:49,1
LF:7
LH:3
BRF:0
BRH:0
end_of_record
TN:
SF:src/repositories/tickets-repository/index.ts
FN:5,findTicketTypes
FN:9,findTicketByEnrollmentId
FN:22,createTicket
FN:28,findTickeyById
FN:39,findTickeWithTypeById
FN:50,ticketProcessPayment
FNF:6
FNH:0
FNDA:0,findTicketTypes
FNDA:0,findTicketByEnrollmentId
FNDA:0,createTicket
FNDA:0,findTickeyById
FNDA:0,findTickeWithTypeById
FNDA:0,ticketProcessPayment
DA:1,1
DA:2,1
DA:6,0
DA:14,0
DA:23,0
DA:29,0
DA:40,0
DA:51,0
DA:61,1
LF:9
LH:3
BRF:0
BRH:0
end_of_record
TN:
SF:src/services/bookings-service/index.ts
FN:7,checkEnrollmentAndTicket
FN:21,checkRoomAndCapacity
FN:27,getUserBookings
FN:33,createUserBooking
FN:41,updateUserBooking
FNF:5
FNH:1
FNDA:0,checkEnrollmentAndTicket
FNDA:0,checkRoomAndCapacity
FNDA:1,getUserBookings
FNDA:0,createUserBooking
FNDA:0,updateUserBooking
DA:1,1
DA:2,1
DA:3,1
DA:4,1
DA:5,1
DA:8,0
DA:9,0
DA:11,0
DA:12,0
DA:14,0
DA:15,0
DA:18,0
DA:22,0
DA:23,0
DA:24,0
DA:28,1
DA:29,1
DA:30,1
DA:34,0
DA:35,0
DA:37,0
DA:38,0
DA:42,0
DA:43,0
DA:45,0
DA:46,0
DA:48,0
DA:49,0
DA:51,0
DA:54,1
DA:60,1
LF:31
LH:10
BRDA:9,0,0,0
BRDA:12,1,0,0
BRDA:14,2,0,0
BRDA:14,3,0,0
BRDA:14,3,1,0
BRDA:14,3,2,0
BRDA:14,3,3,0
BRDA:23,4,0,0
BRDA:24,5,0,0
BRDA:29,6,0,0
BRDA:46,7,0,0
BRDA:49,8,0,0
BRDA:49,9,0,0
BRDA:49,9,1,0
BRF:14
BRH:0
end_of_record
TN:
SF:tests/factories/booking-factory.ts
FN:4,createBooking
FN:11,createMockBooking
FNF:2
FNH:1
FNDA:0,createBooking
FNDA:1,createMockBooking
DA:2,1
DA:4,1
DA:5,0
DA:11,1
DA:16,1
LF:5
LH:4
BRDA:11,0,0,1
BRDA:12,1,0,1
BRDA:13,2,0,1
BRDA:14,3,0,1
BRF:4
BRH:4
end_of_record
